2014-08-28 17:47:53,530 [http-bio-8080-exec-6] ERROR StackTrace  - Full Stack Trace:
java.lang.NullPointerException
	at org.springsource.loaded.NameRegistry.getIdFor(NameRegistry.java:56)
	at org.springsource.loaded.NameRegistry.getIdOrAllocateFor(NameRegistry.java:71)
	at org.springsource.loaded.TypeRegistry.getTypeIdFor(TypeRegistry.java:772)
	at org.springsource.loaded.MethodInvokerRewriter$RewriteClassAdaptor$RewritingMethodAdapter.rewritePUTSTATIC(MethodInvokerRewriter.java:869)
	at org.springsource.loaded.MethodInvokerRewriter$RewriteClassAdaptor$RewritingMethodAdapter.visitFieldInsn(MethodInvokerRewriter.java:788)
	at sl.org.objectweb.asm.ClassReader.accept(Unknown Source)
	at sl.org.objectweb.asm.ClassReader.accept(Unknown Source)
	at org.springsource.loaded.MethodInvokerRewriter.rewrite(MethodInvokerRewriter.java:330)
	at org.springsource.loaded.MethodInvokerRewriter.rewrite(MethodInvokerRewriter.java:96)
	at org.springsource.loaded.TypeRegistry.methodCallRewrite(TypeRegistry.java:783)
	at org.springsource.loaded.agent.ModifyDefineInClassLoaderForClassArtifactsType.modify(ModifyDefineInClassLoaderForClassArtifactsType.java:89)
	at org.codehaus.groovy.reflection.ClassLoaderForClassArtifacts.define(ClassLoaderForClassArtifacts.java)
	at org.codehaus.groovy.reflection.ClassLoaderForClassArtifacts$1.run(ClassLoaderForClassArtifacts.java:86)
	at org.codehaus.groovy.reflection.ClassLoaderForClassArtifacts$1.run(ClassLoaderForClassArtifacts.java:84)
	at java.security.AccessController.doPrivileged(Native Method)
	at org.codehaus.groovy.reflection.ClassLoaderForClassArtifacts.defineClassAndGetConstructor(ClassLoaderForClassArtifacts.java:84)
	at org.codehaus.groovy.runtime.callsite.CallSiteGenerator.compilePogoMethod(CallSiteGenerator.java:217)
	at org.codehaus.groovy.reflection.CachedMethod.createPogoMetaMethodSite(CachedMethod.java:228)
	at org.codehaus.groovy.runtime.callsite.PogoMetaMethodSite.createCachedMethodSite(PogoMetaMethodSite.java:212)
	at org.codehaus.groovy.runtime.callsite.PogoMetaMethodSite.createPogoMetaMethodSite(PogoMetaMethodSite.java:188)
	at groovy.lang.MetaClassImpl.createPogoCallCurrentSite(MetaClassImpl.java:3057)
	at org.codehaus.groovy.runtime.callsite.CallSiteArray.createCallCurrentSite(CallSiteArray.java:108)
	at org.codehaus.groovy.runtime.callsite.CallSiteArray.defaultCallCurrent(CallSiteArray.java:49)
	at org.codehaus.groovy.runtime.callsite.AbstractCallSite.callCurrent(AbstractCallSite.java:133)
	at org.codehaus.groovy.runtime.callsite.AbstractCallSite.callCurrent(AbstractCallSite.java:145)
	at org.grails.plugin.resource.ResourceProcessor.processModernResource(ResourceProcessor.groovy:266)
	at org.grails.plugin.resource.ResourceProcessor$processModernResource.call(Unknown Source)
	at org.grails.plugin.resource.ProcessingFilter.doFilter(ProcessingFilter.groovy:39)
	at org.apache.catalina.core.ApplicationFilterChain.internalDoFilter(ApplicationFilterChain.java:243)
	at org.apache.catalina.core.ApplicationFilterChain.doFilter(ApplicationFilterChain.java:210)
	at org.springframework.web.filter.CharacterEncodingFilter.doFilterInternal(CharacterEncodingFilter.java:88)
	at org.springframework.web.filter.OncePerRequestFilter.doFilter(OncePerRequestFilter.java:76)
	at org.springframework.web.filter.DelegatingFilterProxy.invokeDelegate(DelegatingFilterProxy.java:346)
	at org.springframework.web.filter.DelegatingFilterProxy.doFilter(DelegatingFilterProxy.java:259)
	at org.apache.catalina.core.ApplicationFilterChain.internalDoFilter(ApplicationFilterChain.java:243)
	at org.apache.catalina.core.ApplicationFilterChain.doFilter(ApplicationFilterChain.java:210)
	at org.apache.catalina.core.StandardWrapperValve.invoke(StandardWrapperValve.java:222)
	at org.apache.catalina.core.StandardContextValve.invoke(StandardContextValve.java:123)
	at org.apache.catalina.core.StandardHostValve.invoke(StandardHostValve.java:171)
	at org.apache.catalina.valves.ErrorReportValve.invoke(ErrorReportValve.java:99)
	at org.apache.catalina.core.StandardEngineValve.invoke(StandardEngineValve.java:118)
	at org.apache.catalina.connector.CoyoteAdapter.service(CoyoteAdapter.java:408)
	at org.apache.coyote.http11.AbstractHttp11Processor.process(AbstractHttp11Processor.java:1023)
	at org.apache.coyote.AbstractProtocol$AbstractConnectionHandler.process(AbstractProtocol.java:589)
	at org.apache.tomcat.util.net.JIoEndpoint$SocketProcessor.run(JIoEndpoint.java:310)
	at java.util.concurrent.ThreadPoolExecutor.runWorker(ThreadPoolExecutor.java:1145)
	at java.util.concurrent.ThreadPoolExecutor$Worker.run(ThreadPoolExecutor.java:615)
	at java.lang.Thread.run(Thread.java:745)
2014-08-28 17:47:53,533 [http-bio-8080-exec-6] ERROR StackTrace  - Full Stack Trace:
java.lang.NullPointerException
	at org.grails.plugin.resource.ResourceProcessor.processModernResource(ResourceProcessor.groovy:266)
	at org.grails.plugin.resource.ProcessingFilter.doFilter(ProcessingFilter.groovy:39)
	at java.util.concurrent.ThreadPoolExecutor.runWorker(ThreadPoolExecutor.java:1145)
	at java.util.concurrent.ThreadPoolExecutor$Worker.run(ThreadPoolExecutor.java:615)
	at java.lang.Thread.run(Thread.java:745)
2014-08-28 17:47:53,648 [http-bio-8080-exec-6] ERROR StackTrace  - Full Stack Trace:
java.lang.NullPointerException
	at org.grails.plugin.resource.ResourceProcessor.processModernResource(ResourceProcessor.groovy:266)
	at org.grails.plugin.resource.ProcessingFilter.doFilter(ProcessingFilter.groovy:39)
	at java.util.concurrent.ThreadPoolExecutor.runWorker(ThreadPoolExecutor.java:1145)
	at java.util.concurrent.ThreadPoolExecutor$Worker.run(ThreadPoolExecutor.java:615)
	at java.lang.Thread.run(Thread.java:745)
2014-08-28 17:47:53,648 [http-bio-8080-exec-6] ERROR StackTrace  - Full Stack Trace:
java.lang.NullPointerException
	at org.grails.plugin.resource.ResourceProcessor.processModernResource(ResourceProcessor.groovy:266)
	at org.grails.plugin.resource.ProcessingFilter.doFilter(ProcessingFilter.groovy:39)
	at java.util.concurrent.ThreadPoolExecutor.runWorker(ThreadPoolExecutor.java:1145)
	at java.util.concurrent.ThreadPoolExecutor$Worker.run(ThreadPoolExecutor.java:615)
	at java.lang.Thread.run(Thread.java:745)
